{"C:\\Ajay_EPAM\\PDP_PRACTICSE\\ai-tasks\\ai-vite-react-ts\\src\\App.tsx": {"path":"C:\\Ajay_EPAM\\PDP_PRACTICSE\\ai-tasks\\ai-vite-react-ts\\src\\App.tsx","statementMap":{"0":{"start":{"line":1,"column":0},"end":{"line":1,"column":33}},"1":{"start":{"line":2,"column":0},"end":{"line":2,"column":51}},"2":{"start":{"line":4,"column":0},"end":{"line":4,"column":19}},"3":{"start":{"line":6,"column":32},"end":{"line":10,"column":2}},"4":{"start":{"line":13,"column":28},"end":{"line":13,"column":40}},"5":{"start":{"line":14,"column":2},"end":{"line":36,"column":4}},"6":{"start":{"line":39,"column":0},"end":{"line":39,"column":19}}},"fnMap":{"0":{"name":"App","decl":{"start":{"line":12,"column":9},"end":{"line":12,"column":12}},"loc":{"start":{"line":12,"column":12},"end":{"line":37,"column":1}}}},"branchMap":{"0":{"loc":{"start":{"line":33,"column":19},"end":{"line":33,"column":34}},"type":"binary-expr","locations":[{"start":{"line":33,"column":19},"end":{"line":33,"column":24}},{"start":{"line":33,"column":28},"end":{"line":33,"column":34}}]}},"s":{"0":0,"1":0,"2":0,"3":0,"4":0,"5":0,"6":0},"f":{"0":0},"b":{"0":[0,0]}}
,"C:\\Ajay_EPAM\\PDP_PRACTICSE\\ai-tasks\\ai-vite-react-ts\\src\\components\\Select\\Select.tsx": {"path":"C:\\Ajay_EPAM\\PDP_PRACTICSE\\ai-tasks\\ai-vite-react-ts\\src\\components\\Select\\Select.tsx","statementMap":{"0":{"start":{"line":1,"column":0},"end":{"line":1,"column":59}},"1":{"start":{"line":2,"column":0},"end":{"line":2,"column":48}},"2":{"start":{"line":6,"column":0},"end":{"line":13,"column":1}},"3":{"start":{"line":9,"column":2},"end":{"line":9,"column":70}},"4":{"start":{"line":12,"column":2},"end":{"line":12,"column":17}},"5":{"start":{"line":28,"column":45},"end":{"line":150,"column":1}},"6":{"start":{"line":35,"column":26},"end":{"line":35,"column":41}},"7":{"start":{"line":36,"column":14},"end":{"line":36,"column":42}},"8":{"start":{"line":38,"column":2},"end":{"line":47,"column":13}},"9":{"start":{"line":39,"column":4},"end":{"line":39,"column":22}},"10":{"start":{"line":39,"column":15},"end":{"line":39,"column":22}},"11":{"start":{"line":40,"column":24},"end":{"line":44,"column":5}},"12":{"start":{"line":41,"column":6},"end":{"line":43,"column":7}},"13":{"start":{"line":42,"column":8},"end":{"line":42,"column":23}},"14":{"start":{"line":45,"column":4},"end":{"line":45,"column":56}},"15":{"start":{"line":46,"column":4},"end":{"line":46,"column":72}},"16":{"start":{"line":46,"column":17},"end":{"line":46,"column":71}},"17":{"start":{"line":49,"column":25},"end":{"line":49,"column":67}},"18":{"start":{"line":49,"column":47},"end":{"line":49,"column":66}},"19":{"start":{"line":51,"column":2},"end":{"line":149,"column":4}},"20":{"start":{"line":61,"column":23},"end":{"line":61,"column":54}},"21":{"start":{"line":61,"column":51},"end":{"line":61,"column":53}},"22":{"start":{"line":120,"column":12},"end":{"line":121,"column":null}},"23":{"start":{"line":123,"column":16},"end":{"line":123,"column":36}},"24":{"start":{"line":124,"column":16},"end":{"line":124,"column":31}},"25":{"start":{"line":28,"column":13},"end":{"line":28,"column":45}}},"fnMap":{"0":{"name":"(anonymous_0)","decl":{"start":{"line":28,"column":45},"end":{"line":28,"column":46}},"loc":{"start":{"line":34,"column":5},"end":{"line":150,"column":1}}},"1":{"name":"(anonymous_1)","decl":{"start":{"line":38,"column":12},"end":{"line":38,"column":15}},"loc":{"start":{"line":38,"column":17},"end":{"line":47,"column":3}}},"2":{"name":"(anonymous_2)","decl":{"start":{"line":40,"column":24},"end":{"line":40,"column":25}},"loc":{"start":{"line":40,"column":42},"end":{"line":44,"column":5}}},"3":{"name":"(anonymous_3)","decl":{"start":{"line":46,"column":11},"end":{"line":46,"column":14}},"loc":{"start":{"line":46,"column":17},"end":{"line":46,"column":71}}},"4":{"name":"(anonymous_4)","decl":{"start":{"line":49,"column":38},"end":{"line":49,"column":39}},"loc":{"start":{"line":49,"column":47},"end":{"line":49,"column":66}}},"5":{"name":"(anonymous_5)","decl":{"start":{"line":61,"column":17},"end":{"line":61,"column":20}},"loc":{"start":{"line":61,"column":23},"end":{"line":61,"column":54}}},"6":{"name":"(anonymous_6)","decl":{"start":{"line":61,"column":44},"end":{"line":61,"column":45}},"loc":{"start":{"line":61,"column":51},"end":{"line":61,"column":53}}},"7":{"name":"(anonymous_7)","decl":{"start":{"line":119,"column":23},"end":{"line":119,"column":24}},"loc":{"start":{"line":120,"column":12},"end":{"line":121,"column":null}}},"8":{"name":"(anonymous_8)","decl":{"start":{"line":122,"column":23},"end":{"line":122,"column":26}},"loc":{"start":{"line":122,"column":28},"end":{"line":125,"column":15}}}},"branchMap":{"0":{"loc":{"start":{"line":32,"column":2},"end":{"line":32,"column":27}},"type":"default-arg","locations":[{"start":{"line":32,"column":16},"end":{"line":32,"column":27}}]},"1":{"loc":{"start":{"line":33,"column":2},"end":{"line":33,"column":18}},"type":"default-arg","locations":[{"start":{"line":33,"column":13},"end":{"line":33,"column":18}}]},"2":{"loc":{"start":{"line":39,"column":4},"end":{"line":39,"column":22}},"type":"if","locations":[{"start":{"line":39,"column":4},"end":{"line":39,"column":22}},{"start":{},"end":{}}]},"3":{"loc":{"start":{"line":41,"column":6},"end":{"line":43,"column":7}},"type":"if","locations":[{"start":{"line":41,"column":6},"end":{"line":43,"column":7}},{"start":{},"end":{}}]},"4":{"loc":{"start":{"line":41,"column":10},"end":{"line":41,"column":64}},"type":"binary-expr","locations":[{"start":{"line":41,"column":10},"end":{"line":41,"column":21}},{"start":{"line":41,"column":25},"end":{"line":41,"column":64}}]},"5":{"loc":{"start":{"line":61,"column":23},"end":{"line":61,"column":54}},"type":"binary-expr","locations":[{"start":{"line":61,"column":23},"end":{"line":61,"column":32}},{"start":{"line":61,"column":36},"end":{"line":61,"column":54}}]},"6":{"loc":{"start":{"line":75,"column":18},"end":{"line":75,"column":54}},"type":"cond-expr","locations":[{"start":{"line":75,"column":29},"end":{"line":75,"column":42}},{"start":{"line":75,"column":45},"end":{"line":75,"column":54}}]},"7":{"loc":{"start":{"line":76,"column":18},"end":{"line":76,"column":67}},"type":"cond-expr","locations":[{"start":{"line":76,"column":25},"end":{"line":76,"column":41}},{"start":{"line":76,"column":44},"end":{"line":76,"column":67}}]},"8":{"loc":{"start":{"line":78,"column":19},"end":{"line":78,"column":37}},"type":"cond-expr","locations":[{"start":{"line":78,"column":30},"end":{"line":78,"column":33}},{"start":{"line":78,"column":36},"end":{"line":78,"column":37}}]},"9":{"loc":{"start":{"line":85,"column":11},"end":{"line":88,"column":null}},"type":"cond-expr","locations":[{"start":{"line":86,"column":12},"end":{"line":86,"column":32}},{"start":{"line":88,"column":12},"end":{"line":88,"column":64}}]},"10":{"loc":{"start":{"line":99,"column":23},"end":{"line":99,"column":63}},"type":"cond-expr","locations":[{"start":{"line":99,"column":30},"end":{"line":99,"column":46}},{"start":{"line":99,"column":49},"end":{"line":99,"column":63}}]},"11":{"loc":{"start":{"line":104,"column":7},"end":{"line":146,"column":null}},"type":"binary-expr","locations":[{"start":{"line":104,"column":7},"end":{"line":104,"column":11}},{"start":{"line":104,"column":15},"end":{"line":104,"column":24}},{"start":{"line":105,"column":8},"end":{"line":145,"column":null}}]},"12":{"loc":{"start":{"line":133,"column":18},"end":{"line":135,"column":35}},"type":"cond-expr","locations":[{"start":{"line":134,"column":22},"end":{"line":134,"column":46}},{"start":{"line":135,"column":22},"end":{"line":135,"column":35}}]}},"s":{"0":1,"1":1,"2":1,"3":1,"4":0,"5":1,"6":45,"7":45,"8":45,"9":45,"10":30,"11":15,"12":4,"13":1,"14":15,"15":15,"16":15,"17":45,"18":317,"19":45,"20":17,"21":15,"22":141,"23":3,"24":3,"25":1},"f":{"0":45,"1":45,"2":4,"3":15,"4":317,"5":17,"6":15,"7":141,"8":3},"b":{"0":[39],"1":[41],"2":[30,15],"3":[1,3],"4":[4,4],"5":[17,15],"6":[4,41],"7":[15,30],"8":[4,41],"9":[5,40],"10":[15,30],"11":[45,15,15],"12":[2,139]}}
,"C:\\Ajay_EPAM\\PDP_PRACTICSE\\ai-tasks\\ai-vite-react-ts\\src\\components\\Select\\index.ts": {"path":"C:\\Ajay_EPAM\\PDP_PRACTICSE\\ai-tasks\\ai-vite-react-ts\\src\\components\\Select\\index.ts","statementMap":{"0":{"start":{"line":1,"column":0},"end":{"line":1,"column":9}},"1":{"start":{"line":1,"column":9},"end":{"line":1,"column":34}}},"fnMap":{"0":{"name":"(anonymous_0)","decl":{"start":{"line":1,"column":9},"end":{"line":1,"column":15}},"loc":{"start":{"line":1,"column":9},"end":{"line":1,"column":34}}}},"branchMap":{},"s":{"0":0,"1":0},"f":{"0":0},"b":{}}
}
