TN:
SF:src\App.tsx
FN:12,App
FNF:1
FNH:0
FNDA:0,App
DA:1,0
DA:2,0
DA:4,0
DA:6,0
DA:13,0
DA:14,0
DA:39,0
LF:7
LH:0
BRDA:33,0,0,0
BRDA:33,0,1,0
BRF:2
BRH:0
end_of_record
TN:
SF:src\components\Select\Select.tsx
FN:28,(anonymous_0)
FN:38,(anonymous_1)
FN:40,(anonymous_2)
FN:46,(anonymous_3)
FN:49,(anonymous_4)
FN:61,(anonymous_5)
FN:61,(anonymous_6)
FN:119,(anonymous_7)
FN:122,(anonymous_8)
FNF:9
FNH:9
FNDA:45,(anonymous_0)
FNDA:45,(anonymous_1)
FNDA:4,(anonymous_2)
FNDA:15,(anonymous_3)
FNDA:317,(anonymous_4)
FNDA:17,(anonymous_5)
FNDA:15,(anonymous_6)
FNDA:141,(anonymous_7)
FNDA:3,(anonymous_8)
DA:1,1
DA:2,1
DA:6,1
DA:9,1
DA:12,0
DA:28,1
DA:35,45
DA:36,45
DA:38,45
DA:39,45
DA:40,15
DA:41,4
DA:42,1
DA:45,15
DA:46,15
DA:49,317
DA:51,45
DA:61,17
DA:120,141
DA:123,3
DA:124,3
LF:21
LH:20
BRDA:32,0,0,39
BRDA:33,1,0,41
BRDA:39,2,0,30
BRDA:39,2,1,15
BRDA:41,3,0,1
BRDA:41,3,1,3
BRDA:41,4,0,4
BRDA:41,4,1,4
BRDA:61,5,0,17
BRDA:61,5,1,15
BRDA:75,6,0,4
BRDA:75,6,1,41
BRDA:76,7,0,15
BRDA:76,7,1,30
BRDA:78,8,0,4
BRDA:78,8,1,41
BRDA:85,9,0,5
BRDA:85,9,1,40
BRDA:99,10,0,15
BRDA:99,10,1,30
BRDA:104,11,0,45
BRDA:104,11,1,15
BRDA:104,11,2,15
BRDA:133,12,0,2
BRDA:133,12,1,139
BRF:25
BRH:25
end_of_record
TN:
SF:src\components\Select\index.ts
FN:1,(anonymous_0)
FNF:1
FNH:0
FNDA:0,(anonymous_0)
DA:1,0
LF:1
LH:0
BRF:0
BRH:0
end_of_record
